build/app/intermediates/manifest_merge_blame_file/debug/manifest-merger-blame-debug-report.txt
1<?xml version="1.0" encoding="utf-8"?>
2<manifest xmlns:android="http://schemas.android.com/apk/res/android"
3    package="com.example.bar_on_wheels"
4    android:versionCode="1"
5    android:versionName="1.0.0" >
6
7    <uses-sdk
8        android:minSdkVersion="23"
9        android:targetSdkVersion="33" />
10    <!--
11         The INTERNET permission is required for development. Specifically,
12         the Flutter tool needs it to communicate with the running application
13         to allow setting breakpoints, to provide hot reload, etc.
14    -->
15    <uses-permission android:name="android.permission.INTERNET" />
15-->src\debug\AndroidManifest.xml:6:5-66
15-->src\debug\AndroidManifest.xml:6:22-64
16    <uses-permission android:name="android.permission.WAKE_LOCK" />
16-->[:firebase_messaging] AndroidManifest.xml:10:5-68
16-->[:firebase_messaging] AndroidManifest.xml:10:22-65
17    <uses-permission android:name="android.permission.ACCESS_NETWORK_STATE" /> <!-- Permissions options for the `notification` group -->
17-->[:firebase_messaging] AndroidManifest.xml:11:5-79
17-->[:firebase_messaging] AndroidManifest.xml:11:22-76
18    <uses-permission android:name="android.permission.POST_NOTIFICATIONS" /> <!-- See https://developer.android.com/training/package-visibility/declaring for more details. -->
18-->[:firebase_messaging] AndroidManifest.xml:13:5-77
18-->[:firebase_messaging] AndroidManifest.xml:13:22-74
19    <queries>
19-->[com.stripe:financial-connections:20.28.3] AndroidManifest.xml:10:5-18:15
20
21        <!-- Added to check the default browser that will host the AuthFlow. -->
22        <intent>
22-->[com.stripe:financial-connections:20.28.3] AndroidManifest.xml:13:9-17:18
23            <action android:name="android.intent.action.VIEW" />
23-->[com.stripe:link:20.28.3] AndroidManifest.xml:21:17-69
23-->[com.stripe:link:20.28.3] AndroidManifest.xml:21:25-66
24
25            <data android:scheme="http" />
25-->[com.stripe:link:20.28.3] AndroidManifest.xml:26:17-29:51
25-->[com.stripe:link:20.28.3] AndroidManifest.xml:29:21-48
26        </intent>
27        <!-- Added to check if Chrome is installed for browser-based payment authentication (e.g. 3DS1). -->
28        <package android:name="com.android.chrome" /> <!-- Needs to be explicitly declared on Android R+ -->
28-->[com.stripe:payments-core:20.28.3] AndroidManifest.xml:11:9-54
28-->[com.stripe:payments-core:20.28.3] AndroidManifest.xml:11:18-51
29        <package android:name="com.google.android.apps.maps" />
29-->[com.google.android.gms:play-services-maps:18.0.2] AndroidManifest.xml:33:9-64
29-->[com.google.android.gms:play-services-maps:18.0.2] AndroidManifest.xml:33:18-61
30    </queries> <!-- Required by older versions of Google Play services to create IID tokens -->
31    <uses-permission android:name="com.google.android.c2dm.permission.RECEIVE" />
31-->[com.google.firebase:firebase-iid:21.1.0] AndroidManifest.xml:26:5-82
31-->[com.google.firebase:firebase-iid:21.1.0] AndroidManifest.xml:26:22-79
32
33    <uses-feature
33-->[com.google.android.gms:play-services-maps:18.0.2] AndroidManifest.xml:26:5-28:35
34        android:glEsVersion="0x00020000"
34-->[com.google.android.gms:play-services-maps:18.0.2] AndroidManifest.xml:27:9-41
35        android:required="true" />
35-->[com.google.android.gms:play-services-maps:18.0.2] AndroidManifest.xml:28:9-32
36
37    <permission
37-->[androidx.core:core:1.10.1] AndroidManifest.xml:22:5-24:47
38        android:name="com.example.bar_on_wheels.DYNAMIC_RECEIVER_NOT_EXPORTED_PERMISSION"
38-->[androidx.core:core:1.10.1] AndroidManifest.xml:23:9-81
39        android:protectionLevel="signature" />
39-->[androidx.core:core:1.10.1] AndroidManifest.xml:24:9-44
40
41    <uses-permission android:name="com.example.bar_on_wheels.DYNAMIC_RECEIVER_NOT_EXPORTED_PERMISSION" />
41-->[androidx.core:core:1.10.1] AndroidManifest.xml:26:5-97
41-->[androidx.core:core:1.10.1] AndroidManifest.xml:26:22-94
42
43    <application
44        android:name="android.app.Application"
45        android:appComponentFactory="androidx.core.app.CoreComponentFactory"
45-->[androidx.core:core:1.10.1] AndroidManifest.xml:28:18-86
46        android:debuggable="true"
47        android:extractNativeLibs="false"
48        android:icon="@mipmap/ic_launcher"
49        android:label="Bar On Wheels" >
50        <activity
51            android:name="com.example.bar_on_wheels.MainActivity"
52            android:configChanges="orientation|keyboardHidden|keyboard|screenSize|smallestScreenSize|locale|layoutDirection|fontScale|screenLayout|density|uiMode"
53            android:exported="true"
54            android:hardwareAccelerated="true"
55            android:launchMode="singleTop"
56            android:theme="@style/Theme.AppCompat.Light"
57            android:windowSoftInputMode="adjustResize" >
58
59            <!--
60                 Specifies an Android theme to apply to this Activity as soon as
61                 the Android process has started. This theme is visible to the user
62                 while the Flutter UI initializes. After that, this theme continues
63                 to determine the Window background behind the Flutter UI.
64            -->
65            <meta-data
66                android:name="io.flutter.embedding.android.NormalTheme"
67                android:resource="@style/NormalTheme" />
68
69            <intent-filter>
70                <action android:name="android.intent.action.MAIN" />
71
72                <category android:name="android.intent.category.LAUNCHER" />
73            </intent-filter>
74        </activity>
75        <!--
76             Don't delete the meta-data below.
77             This is used by the Flutter tool to generate GeneratedPluginRegistrant.java
78        -->
79        <meta-data
80            android:name="flutterEmbedding"
81            android:value="2" />
82
83        <service
83-->[:firebase_auth] AndroidManifest.xml:10:9-14:19
84            android:name="com.google.firebase.components.ComponentDiscoveryService"
84-->[:firebase_auth] AndroidManifest.xml:10:18-89
85            android:directBootAware="true"
85-->[com.google.firebase:firebase-common:20.3.3] AndroidManifest.xml:34:13-43
86            android:exported="false" >
86-->[com.google.firebase:firebase-iid:21.1.0] AndroidManifest.xml:31:13-37
87            <meta-data
87-->[:firebase_auth] AndroidManifest.xml:11:13-13:85
88                android:name="com.google.firebase.components:io.flutter.plugins.firebase.auth.FlutterFirebaseAuthRegistrar"
88-->[:firebase_auth] AndroidManifest.xml:12:17-124
89                android:value="com.google.firebase.components.ComponentRegistrar" />
89-->[:firebase_auth] AndroidManifest.xml:13:17-82
90            <meta-data
90-->[:firebase_storage] AndroidManifest.xml:11:13-13:85
91                android:name="com.google.firebase.components:io.flutter.plugins.firebase.storage.FlutterFirebaseAppRegistrar"
91-->[:firebase_storage] AndroidManifest.xml:12:17-126
92                android:value="com.google.firebase.components.ComponentRegistrar" />
92-->[:firebase_storage] AndroidManifest.xml:13:17-82
93            <meta-data
93-->[:cloud_firestore] AndroidManifest.xml:11:13-13:85
94                android:name="com.google.firebase.components:io.flutter.plugins.firebase.firestore.FlutterFirebaseFirestoreRegistrar"
94-->[:cloud_firestore] AndroidManifest.xml:12:17-134
95                android:value="com.google.firebase.components.ComponentRegistrar" />
95-->[:cloud_firestore] AndroidManifest.xml:13:17-82
96            <meta-data
96-->[:firebase_messaging] AndroidManifest.xml:38:13-40:85
97                android:name="com.google.firebase.components:io.flutter.plugins.firebase.messaging.FlutterFirebaseAppRegistrar"
97-->[:firebase_messaging] AndroidManifest.xml:39:17-128
98                android:value="com.google.firebase.components.ComponentRegistrar" />
98-->[:firebase_messaging] AndroidManifest.xml:40:17-82
99            <meta-data
99-->[:firebase_core] AndroidManifest.xml:11:13-13:85
100                android:name="com.google.firebase.components:io.flutter.plugins.firebase.core.FlutterFirebaseCoreRegistrar"
100-->[:firebase_core] AndroidManifest.xml:12:17-124
101                android:value="com.google.firebase.components.ComponentRegistrar" />
101-->[:firebase_core] AndroidManifest.xml:13:17-82
102            <meta-data
102-->[com.google.firebase:firebase-iid:21.1.0] AndroidManifest.xml:32:13-34:85
103                android:name="com.google.firebase.components:com.google.firebase.iid.Registrar"
103-->[com.google.firebase:firebase-iid:21.1.0] AndroidManifest.xml:33:17-96
104                android:value="com.google.firebase.components.ComponentRegistrar" />
104-->[com.google.firebase:firebase-iid:21.1.0] AndroidManifest.xml:34:17-82
105            <meta-data
105-->[com.google.firebase:firebase-messaging:23.2.0] AndroidManifest.xml:55:13-57:85
106                android:name="com.google.firebase.components:com.google.firebase.messaging.FirebaseMessagingRegistrar"
106-->[com.google.firebase:firebase-messaging:23.2.0] AndroidManifest.xml:56:17-119
107                android:value="com.google.firebase.components.ComponentRegistrar" />
107-->[com.google.firebase:firebase-messaging:23.2.0] AndroidManifest.xml:57:17-82
108            <meta-data
108-->[com.google.firebase:firebase-auth:22.1.0] AndroidManifest.xml:69:13-71:85
109                android:name="com.google.firebase.components:com.google.firebase.auth.FirebaseAuthRegistrar"
109-->[com.google.firebase:firebase-auth:22.1.0] AndroidManifest.xml:70:17-109
110                android:value="com.google.firebase.components.ComponentRegistrar" />
110-->[com.google.firebase:firebase-auth:22.1.0] AndroidManifest.xml:71:17-82
111            <meta-data
111-->[com.google.firebase:firebase-firestore:24.7.0] AndroidManifest.xml:19:13-21:85
112                android:name="com.google.firebase.components:com.google.firebase.firestore.FirestoreRegistrar"
112-->[com.google.firebase:firebase-firestore:24.7.0] AndroidManifest.xml:20:17-111
113                android:value="com.google.firebase.components.ComponentRegistrar" />
113-->[com.google.firebase:firebase-firestore:24.7.0] AndroidManifest.xml:21:17-82
114            <meta-data
114-->[com.google.firebase:firebase-storage:20.2.1] AndroidManifest.xml:32:13-34:85
115                android:name="com.google.firebase.components:com.google.firebase.storage.StorageRegistrar"
115-->[com.google.firebase:firebase-storage:20.2.1] AndroidManifest.xml:33:17-107
116                android:value="com.google.firebase.components.ComponentRegistrar" />
116-->[com.google.firebase:firebase-storage:20.2.1] AndroidManifest.xml:34:17-82
117            <meta-data
117-->[com.google.firebase:firebase-installations:17.1.3] AndroidManifest.xml:17:13-19:85
118                android:name="com.google.firebase.components:com.google.firebase.installations.FirebaseInstallationsRegistrar"
118-->[com.google.firebase:firebase-installations:17.1.3] AndroidManifest.xml:18:17-127
119                android:value="com.google.firebase.components.ComponentRegistrar" />
119-->[com.google.firebase:firebase-installations:17.1.3] AndroidManifest.xml:19:17-82
120            <meta-data
120-->[com.google.firebase:firebase-datatransport:18.1.7] AndroidManifest.xml:27:13-29:85
121                android:name="com.google.firebase.components:com.google.firebase.datatransport.TransportRegistrar"
121-->[com.google.firebase:firebase-datatransport:18.1.7] AndroidManifest.xml:28:17-115
122                android:value="com.google.firebase.components.ComponentRegistrar" />
122-->[com.google.firebase:firebase-datatransport:18.1.7] AndroidManifest.xml:29:17-82
123        </service>
124        <service
124-->[:firebase_messaging] AndroidManifest.xml:16:9-19:72
125            android:name="io.flutter.plugins.firebase.messaging.FlutterFirebaseMessagingBackgroundService"
125-->[:firebase_messaging] AndroidManifest.xml:17:13-107
126            android:exported="false"
126-->[:firebase_messaging] AndroidManifest.xml:18:13-37
127            android:permission="android.permission.BIND_JOB_SERVICE" />
127-->[:firebase_messaging] AndroidManifest.xml:19:13-69
128        <service
128-->[:firebase_messaging] AndroidManifest.xml:20:9-26:19
129            android:name="io.flutter.plugins.firebase.messaging.FlutterFirebaseMessagingService"
129-->[:firebase_messaging] AndroidManifest.xml:21:13-97
130            android:exported="false" >
130-->[:firebase_messaging] AndroidManifest.xml:22:13-37
131            <intent-filter>
131-->[:firebase_messaging] AndroidManifest.xml:23:13-25:29
132                <action android:name="com.google.firebase.MESSAGING_EVENT" />
132-->[:firebase_messaging] AndroidManifest.xml:24:17-78
132-->[:firebase_messaging] AndroidManifest.xml:24:25-75
133            </intent-filter>
134        </service>
135
136        <receiver
136-->[:firebase_messaging] AndroidManifest.xml:28:9-35:20
137            android:name="io.flutter.plugins.firebase.messaging.FlutterFirebaseMessagingReceiver"
137-->[:firebase_messaging] AndroidManifest.xml:29:13-98
138            android:exported="true"
138-->[:firebase_messaging] AndroidManifest.xml:30:13-36
139            android:permission="com.google.android.c2dm.permission.SEND" >
139-->[:firebase_messaging] AndroidManifest.xml:31:13-73
140            <intent-filter>
140-->[:firebase_messaging] AndroidManifest.xml:32:13-34:29
141                <action android:name="com.google.android.c2dm.intent.RECEIVE" />
141-->[:firebase_messaging] AndroidManifest.xml:33:17-81
141-->[:firebase_messaging] AndroidManifest.xml:33:25-78
142            </intent-filter>
143        </receiver>
144
145        <provider
145-->[:firebase_messaging] AndroidManifest.xml:43:9-47:38
146            android:name="io.flutter.plugins.firebase.messaging.FlutterFirebaseMessagingInitProvider"
146-->[:firebase_messaging] AndroidManifest.xml:44:13-102
147            android:authorities="com.example.bar_on_wheels.flutterfirebasemessaginginitprovider"
147-->[:firebase_messaging] AndroidManifest.xml:45:13-88
148            android:exported="false"
148-->[:firebase_messaging] AndroidManifest.xml:46:13-37
149            android:initOrder="99" />
149-->[:firebase_messaging] AndroidManifest.xml:47:13-35
150        <provider
150-->[:image_picker_android] AndroidManifest.xml:10:9-18:20
151            android:name="io.flutter.plugins.imagepicker.ImagePickerFileProvider"
151-->[:image_picker_android] AndroidManifest.xml:11:13-82
152            android:authorities="com.example.bar_on_wheels.flutter.image_provider"
152-->[:image_picker_android] AndroidManifest.xml:12:13-74
153            android:exported="false"
153-->[:image_picker_android] AndroidManifest.xml:13:13-37
154            android:grantUriPermissions="true" >
154-->[:image_picker_android] AndroidManifest.xml:14:13-47
155            <meta-data
155-->[:image_picker_android] AndroidManifest.xml:15:13-17:75
156                android:name="android.support.FILE_PROVIDER_PATHS"
156-->[:image_picker_android] AndroidManifest.xml:16:17-67
157                android:resource="@xml/flutter_image_picker_file_paths" />
157-->[:image_picker_android] AndroidManifest.xml:17:17-72
158        </provider>
159
160        <activity
160-->[com.stripe:paymentsheet:20.28.3] AndroidManifest.xml:8:9-12:58
161            android:name="com.stripe.android.paymentsheet.PaymentSheetActivity"
161-->[com.stripe:paymentsheet:20.28.3] AndroidManifest.xml:9:13-80
162            android:exported="false"
162-->[com.stripe:paymentsheet:20.28.3] AndroidManifest.xml:10:13-37
163            android:theme="@style/StripePaymentSheetDefaultTheme"
163-->[com.stripe:paymentsheet:20.28.3] AndroidManifest.xml:11:13-66
164            android:windowSoftInputMode="adjustResize" />
164-->[com.stripe:paymentsheet:20.28.3] AndroidManifest.xml:12:13-55
165        <activity
165-->[com.stripe:paymentsheet:20.28.3] AndroidManifest.xml:13:9-17:58
166            android:name="com.stripe.android.paymentsheet.PaymentOptionsActivity"
166-->[com.stripe:paymentsheet:20.28.3] AndroidManifest.xml:14:13-82
167            android:exported="false"
167-->[com.stripe:paymentsheet:20.28.3] AndroidManifest.xml:15:13-37
168            android:theme="@style/StripePaymentSheetDefaultTheme"
168-->[com.stripe:paymentsheet:20.28.3] AndroidManifest.xml:16:13-66
169            android:windowSoftInputMode="adjustResize" />
169-->[com.stripe:paymentsheet:20.28.3] AndroidManifest.xml:17:13-55
170        <activity
170-->[com.stripe:paymentsheet:20.28.3] AndroidManifest.xml:18:9-22:58
171            android:name="com.stripe.android.customersheet.CustomerSheetActivity"
171-->[com.stripe:paymentsheet:20.28.3] AndroidManifest.xml:19:13-82
172            android:exported="false"
172-->[com.stripe:paymentsheet:20.28.3] AndroidManifest.xml:20:13-37
173            android:theme="@style/StripePaymentSheetDefaultTheme"
173-->[com.stripe:paymentsheet:20.28.3] AndroidManifest.xml:21:13-66
174            android:windowSoftInputMode="adjustResize" />
174-->[com.stripe:paymentsheet:20.28.3] AndroidManifest.xml:22:13-55
175        <activity
175-->[com.stripe:paymentsheet:20.28.3] AndroidManifest.xml:23:9-26:69
176            android:name="com.stripe.android.paymentsheet.addresselement.AddressElementActivity"
176-->[com.stripe:paymentsheet:20.28.3] AndroidManifest.xml:24:13-97
177            android:exported="false"
177-->[com.stripe:paymentsheet:20.28.3] AndroidManifest.xml:25:13-37
178            android:theme="@style/StripePaymentSheetDefaultTheme" />
178-->[com.stripe:paymentsheet:20.28.3] AndroidManifest.xml:26:13-66
179        <activity
179-->[com.stripe:paymentsheet:20.28.3] AndroidManifest.xml:27:9-30:69
180            android:name="com.stripe.android.paymentsheet.paymentdatacollection.polling.PollingActivity"
180-->[com.stripe:paymentsheet:20.28.3] AndroidManifest.xml:28:13-105
181            android:exported="false"
181-->[com.stripe:paymentsheet:20.28.3] AndroidManifest.xml:29:13-37
182            android:theme="@style/StripePaymentSheetDefaultTheme" />
182-->[com.stripe:paymentsheet:20.28.3] AndroidManifest.xml:30:13-66
183        <activity
183-->[com.stripe:link:20.28.3] AndroidManifest.xml:8:9-13:61
184            android:name="com.stripe.android.link.LinkForegroundActivity"
184-->[com.stripe:link:20.28.3] AndroidManifest.xml:9:13-74
185            android:autoRemoveFromRecents="true"
185-->[com.stripe:link:20.28.3] AndroidManifest.xml:10:13-49
186            android:configChanges="orientation|keyboard|keyboardHidden|screenLayout|screenSize|smallestScreenSize"
186-->[com.stripe:link:20.28.3] AndroidManifest.xml:11:13-115
187            android:launchMode="singleTop"
187-->[com.stripe:link:20.28.3] AndroidManifest.xml:12:13-43
188            android:theme="@style/StripeTransparentTheme" />
188-->[com.stripe:link:20.28.3] AndroidManifest.xml:13:13-58
189        <activity
189-->[com.stripe:link:20.28.3] AndroidManifest.xml:14:9-31:20
190            android:name="com.stripe.android.link.LinkRedirectHandlerActivity"
190-->[com.stripe:link:20.28.3] AndroidManifest.xml:15:13-79
191            android:autoRemoveFromRecents="true"
191-->[com.stripe:link:20.28.3] AndroidManifest.xml:16:13-49
192            android:exported="true"
192-->[com.stripe:link:20.28.3] AndroidManifest.xml:17:13-36
193            android:launchMode="singleInstance"
193-->[com.stripe:link:20.28.3] AndroidManifest.xml:18:13-48
194            android:theme="@style/StripeTransparentTheme" >
194-->[com.stripe:link:20.28.3] AndroidManifest.xml:19:13-58
195            <intent-filter>
195-->[com.stripe:link:20.28.3] AndroidManifest.xml:20:13-30:29
196                <action android:name="android.intent.action.VIEW" />
196-->[com.stripe:link:20.28.3] AndroidManifest.xml:21:17-69
196-->[com.stripe:link:20.28.3] AndroidManifest.xml:21:25-66
197
198                <category android:name="android.intent.category.DEFAULT" />
198-->[com.stripe:link:20.28.3] AndroidManifest.xml:23:17-76
198-->[com.stripe:link:20.28.3] AndroidManifest.xml:23:27-73
199                <category android:name="android.intent.category.BROWSABLE" />
199-->[com.stripe:link:20.28.3] AndroidManifest.xml:24:17-78
199-->[com.stripe:link:20.28.3] AndroidManifest.xml:24:27-75
200
201                <data
201-->[com.stripe:link:20.28.3] AndroidManifest.xml:26:17-29:51
202                    android:host="complete"
202-->[com.stripe:link:20.28.3] AndroidManifest.xml:27:21-44
203                    android:path="/com.example.bar_on_wheels"
203-->[com.stripe:link:20.28.3] AndroidManifest.xml:28:21-53
204                    android:scheme="link-popup" />
204-->[com.stripe:link:20.28.3] AndroidManifest.xml:29:21-48
205            </intent-filter>
206        </activity>
207        <activity
207-->[com.stripe:financial-connections:20.28.3] AndroidManifest.xml:21:9-65:20
208            android:name="com.stripe.android.financialconnections.FinancialConnectionsSheetRedirectActivity"
208-->[com.stripe:financial-connections:20.28.3] AndroidManifest.xml:22:13-109
209            android:exported="true"
209-->[com.stripe:financial-connections:20.28.3] AndroidManifest.xml:23:13-36
210            android:launchMode="singleTask" >
210-->[com.stripe:financial-connections:20.28.3] AndroidManifest.xml:24:13-44
211            <intent-filter>
211-->[com.stripe:financial-connections:20.28.3] AndroidManifest.xml:25:13-64:29
212                <action android:name="android.intent.action.VIEW" />
212-->[com.stripe:link:20.28.3] AndroidManifest.xml:21:17-69
212-->[com.stripe:link:20.28.3] AndroidManifest.xml:21:25-66
213
214                <category android:name="android.intent.category.DEFAULT" />
214-->[com.stripe:link:20.28.3] AndroidManifest.xml:23:17-76
214-->[com.stripe:link:20.28.3] AndroidManifest.xml:23:27-73
215                <category android:name="android.intent.category.BROWSABLE" />
215-->[com.stripe:link:20.28.3] AndroidManifest.xml:24:17-78
215-->[com.stripe:link:20.28.3] AndroidManifest.xml:24:27-75
216
217                <!-- Returning from app2app: return_url is triggered to reopen web AuthFlow and poll accounts. -->
218                <data
218-->[com.stripe:link:20.28.3] AndroidManifest.xml:26:17-29:51
219                    android:host="link-accounts"
219-->[com.stripe:link:20.28.3] AndroidManifest.xml:27:21-44
220                    android:pathPrefix="/com.example.bar_on_wheels/authentication_return"
221                    android:scheme="stripe-auth" />
221-->[com.stripe:link:20.28.3] AndroidManifest.xml:29:21-48
222
223                <!-- Returning from app2app: return_url is triggered to reopen native AuthFlow and poll accounts. -->
224                <data
224-->[com.stripe:link:20.28.3] AndroidManifest.xml:26:17-29:51
225                    android:host="link-native-accounts"
225-->[com.stripe:link:20.28.3] AndroidManifest.xml:27:21-44
226                    android:pathPrefix="/com.example.bar_on_wheels/authentication_return"
227                    android:scheme="stripe-auth" />
227-->[com.stripe:link:20.28.3] AndroidManifest.xml:29:21-48
228
229                <!-- End of web AuthFlow success and cancel URIs that begin with "stripe-auth://link-accounts/{app-id}/...” -->
230                <data
230-->[com.stripe:link:20.28.3] AndroidManifest.xml:26:17-29:51
231                    android:host="link-accounts"
231-->[com.stripe:link:20.28.3] AndroidManifest.xml:27:21-44
232                    android:path="/com.example.bar_on_wheels/success"
232-->[com.stripe:link:20.28.3] AndroidManifest.xml:28:21-53
233                    android:scheme="stripe-auth" />
233-->[com.stripe:link:20.28.3] AndroidManifest.xml:29:21-48
234                <data
234-->[com.stripe:link:20.28.3] AndroidManifest.xml:26:17-29:51
235                    android:host="link-accounts"
235-->[com.stripe:link:20.28.3] AndroidManifest.xml:27:21-44
236                    android:path="/com.example.bar_on_wheels/cancel"
236-->[com.stripe:link:20.28.3] AndroidManifest.xml:28:21-53
237                    android:scheme="stripe-auth" />
237-->[com.stripe:link:20.28.3] AndroidManifest.xml:29:21-48
238
239                <!-- Opening app2app: Web flow triggers stripe-auth://native-redirect/{app-id}/http://web-that-redirects-to-native -->
240                <data
240-->[com.stripe:link:20.28.3] AndroidManifest.xml:26:17-29:51
241                    android:host="native-redirect"
241-->[com.stripe:link:20.28.3] AndroidManifest.xml:27:21-44
242                    android:pathPrefix="/com.example.bar_on_wheels"
243                    android:scheme="stripe-auth" />
243-->[com.stripe:link:20.28.3] AndroidManifest.xml:29:21-48
244
245                <!-- Accepts success/cancel/fail URIs that begin with "stripe://auth-redirect” -->
246                <data
246-->[com.stripe:link:20.28.3] AndroidManifest.xml:26:17-29:51
247                    android:host="auth-redirect"
247-->[com.stripe:link:20.28.3] AndroidManifest.xml:27:21-44
248                    android:pathPrefix="/com.example.bar_on_wheels"
249                    android:scheme="stripe" />
249-->[com.stripe:link:20.28.3] AndroidManifest.xml:29:21-48
250            </intent-filter>
251        </activity>
252        <activity
252-->[com.stripe:financial-connections:20.28.3] AndroidManifest.xml:66:9-69:57
253            android:name="com.stripe.android.financialconnections.FinancialConnectionsSheetActivity"
253-->[com.stripe:financial-connections:20.28.3] AndroidManifest.xml:67:13-101
254            android:exported="false"
254-->[com.stripe:financial-connections:20.28.3] AndroidManifest.xml:68:13-37
255            android:theme="@style/StripeDefaultTheme" />
255-->[com.stripe:financial-connections:20.28.3] AndroidManifest.xml:69:13-54
256        <activity
256-->[com.stripe:financial-connections:20.28.3] AndroidManifest.xml:70:9-74:58
257            android:name="com.stripe.android.financialconnections.ui.FinancialConnectionsSheetNativeActivity"
257-->[com.stripe:financial-connections:20.28.3] AndroidManifest.xml:71:13-110
258            android:exported="false"
258-->[com.stripe:financial-connections:20.28.3] AndroidManifest.xml:72:13-37
259            android:theme="@style/StripeDefaultTheme"
259-->[com.stripe:financial-connections:20.28.3] AndroidManifest.xml:73:13-54
260            android:windowSoftInputMode="adjustResize" />
260-->[com.stripe:financial-connections:20.28.3] AndroidManifest.xml:74:13-55
261
262        <provider
262-->[com.stripe:financial-connections:20.28.3] AndroidManifest.xml:76:9-80:43
263            android:name="com.stripe.android.financialconnections.appinitializer.FinancialConnectionsInitializer"
263-->[com.stripe:financial-connections:20.28.3] AndroidManifest.xml:77:13-114
264            android:authorities="com.example.bar_on_wheels.financialconnections-init"
264-->[com.stripe:financial-connections:20.28.3] AndroidManifest.xml:78:13-77
265            android:exported="false"
265-->[com.stripe:financial-connections:20.28.3] AndroidManifest.xml:79:13-37
266            android:multiprocess="true" />
266-->[com.stripe:financial-connections:20.28.3] AndroidManifest.xml:80:13-40
267
268        <activity
268-->[com.stripe:payments-ui-core:20.28.3] AndroidManifest.xml:8:9-11:69
269            android:name="com.stripe.android.ui.core.cardscan.CardScanActivity"
269-->[com.stripe:payments-ui-core:20.28.3] AndroidManifest.xml:9:13-80
270            android:exported="false"
270-->[com.stripe:payments-ui-core:20.28.3] AndroidManifest.xml:10:13-37
271            android:theme="@style/StripePaymentSheetDefaultTheme" />
271-->[com.stripe:payments-ui-core:20.28.3] AndroidManifest.xml:11:13-66
272        <activity
272-->[com.stripe:payments-core:20.28.3] AndroidManifest.xml:15:9-18:57
273            android:name="com.stripe.android.view.AddPaymentMethodActivity"
273-->[com.stripe:payments-core:20.28.3] AndroidManifest.xml:16:13-76
274            android:exported="false"
274-->[com.stripe:payments-core:20.28.3] AndroidManifest.xml:17:13-37
275            android:theme="@style/StripeDefaultTheme" />
275-->[com.stripe:payments-core:20.28.3] AndroidManifest.xml:18:13-54
276        <activity
276-->[com.stripe:payments-core:20.28.3] AndroidManifest.xml:19:9-22:57
277            android:name="com.stripe.android.view.PaymentMethodsActivity"
277-->[com.stripe:payments-core:20.28.3] AndroidManifest.xml:20:13-74
278            android:exported="false"
278-->[com.stripe:payments-core:20.28.3] AndroidManifest.xml:21:13-37
279            android:theme="@style/StripeDefaultTheme" />
279-->[com.stripe:payments-core:20.28.3] AndroidManifest.xml:22:13-54
280        <activity
280-->[com.stripe:payments-core:20.28.3] AndroidManifest.xml:23:9-26:57
281            android:name="com.stripe.android.view.PaymentFlowActivity"
281-->[com.stripe:payments-core:20.28.3] AndroidManifest.xml:24:13-71
282            android:exported="false"
282-->[com.stripe:payments-core:20.28.3] AndroidManifest.xml:25:13-37
283            android:theme="@style/StripeDefaultTheme" />
283-->[com.stripe:payments-core:20.28.3] AndroidManifest.xml:26:13-54
284        <activity
284-->[com.stripe:payments-core:20.28.3] AndroidManifest.xml:27:9-31:58
285            android:name="com.stripe.android.view.PaymentAuthWebViewActivity"
285-->[com.stripe:payments-core:20.28.3] AndroidManifest.xml:28:13-78
286            android:exported="false"
286-->[com.stripe:payments-core:20.28.3] AndroidManifest.xml:29:13-37
287            android:theme="@style/StripeDefaultTheme"
287-->[com.stripe:payments-core:20.28.3] AndroidManifest.xml:30:13-54
288            android:windowSoftInputMode="adjustResize" />
288-->[com.stripe:payments-core:20.28.3] AndroidManifest.xml:31:13-55
289        <activity
289-->[com.stripe:payments-core:20.28.3] AndroidManifest.xml:32:9-35:61
290            android:name="com.stripe.android.view.PaymentRelayActivity"
290-->[com.stripe:payments-core:20.28.3] AndroidManifest.xml:33:13-72
291            android:exported="false"